<?xml version="1.0" encoding="UTF-8"?>
<!-- Generated by org.testng.reporters.JUnitReportReporter -->
<testsuite hostname="DESKTOP-AUTHA2K" failures="0" tests="1" name="com.tests.TC_01_LoginApplication" time="15.233" errors="0" timestamp="2021-12-07T14:48:52 IST" skipped="0">
  <testcase classname="com.tests.TC_01_LoginApplication" name="launchHRMApplication" time="15.233"/>
  <system-out/>
</testsuite> <!-- com.tests.TC_01_LoginApplication -->
